
> source-ysws@0.0.1 preview /app
> pnpm run build && wrangler dev


> source-ysws@0.0.1 build /app
> vite build

(node:6604) [DEP0040] DeprecationWarning: The `punycode` module is deprecated. Please use a userland alternative instead.
(Use `node --trace-deprecation ...` to show where the warning was created)
vite v7.3.1 building ssr environment for production...
transforming...
✓ 4953 modules transformed.
rendering chunks...
[2m2026-03-21T12:55:08.989Z[0m [33mWARN[0m [1m[Better Auth]:[0m [better-auth] Warning: your BETTER_AUTH_SECRET should be at least 32 characters long for adequate security. Generate one with `npx auth secret` or `openssl rand -base64 32`.
[2m2026-03-21T12:55:08.990Z[0m [33mWARN[0m [1m[Better Auth]:[0m [better-auth] Warning: your BETTER_AUTH_SECRET appears low-entropy. Use a randomly generated secret for production.
(node:6604) [DEP0040] DeprecationWarning: The `punycode` module is deprecated. Please use a userland alternative instead.
(Use `node --trace-deprecation ...` to show where the warning was created)
vite v7.3.1 building client environment for production...
transforming...
✓ 4518 modules transformed.
rendering chunks...
computing gzip size...
.svelte-kit/output/client/_app/version.json                                                           0.03 kB │ gzip:  0.05 kB
.svelte-kit/output/client/_app/immutable/assets/space-grotesk-vietnamese-700-normal.DMty7AZE.woff2    4.20 kB
.svelte-kit/output/client/_app/immutable/assets/space-grotesk-vietnamese-400-normal.B7xT_GF5.woff2    4.30 kB
.svelte-kit/output/client/_app/immutable/assets/inter-vietnamese-400-normal.DMkecbls.woff2            4.97 kB
.svelte-kit/output/client/_app/immutable/assets/inter-vietnamese-600-normal.Cc8MFFhd.woff2            5.10 kB
.svelte-kit/output/client/_app/immutable/assets/inter-vietnamese-500-normal.DOriooB6.woff2            5.11 kB
.svelte-kit/output/client/_app/immutable/assets/inter-greek-ext-400-normal.DGGRlc-M.woff2             5.26 kB
.svelte-kit/output/client/_app/immutable/assets/inter-greek-ext-500-normal.C4iEst2y.woff2             5.43 kB
.svelte-kit/output/client/_app/immutable/assets/inter-greek-ext-600-normal.DRtmH8MT.woff2             5.43 kB
.svelte-kit/output/client/_app/immutable/assets/space-grotesk-vietnamese-700-normal.Duxec5Rn.woff     5.59 kB
.svelte-kit/output/client/_app/immutable/assets/space-grotesk-vietnamese-400-normal.BIWiOVfw.woff     5.73 kB
.svelte-kit/output/client/_app/immutable/assets/inter-vietnamese-400-normal.Bbgyi5SW.woff             6.50 kB
.svelte-kit/output/client/_app/immutable/assets/inter-vietnamese-500-normal.mJboJaSs.woff             6.60 kB
.svelte-kit/output/client/_app/immutable/assets/inter-vietnamese-600-normal.BuLX-rYi.woff             6.64 kB
.svelte-kit/output/client/_app/immutable/assets/inter-greek-ext-400-normal.KugGGMne.woff              7.06 kB
.svelte-kit/output/client/_app/immutable/assets/inter-greek-ext-500-normal.2j5mBUwD.woff              7.19 kB
.svelte-kit/output/client/_app/immutable/assets/inter-greek-ext-600-normal.B8X0CLgF.woff              7.21 kB
.svelte-kit/output/client/_app/immutable/assets/inter-cyrillic-400-normal.obahsSVq.woff2              7.71 kB
.svelte-kit/output/client/_app/immutable/assets/inter-greek-400-normal.B4URO6DV.woff2                 7.78 kB
.svelte-kit/output/client/_app/immutable/assets/inter-cyrillic-500-normal.BasfLYem.woff2              7.90 kB
.svelte-kit/output/client/_app/immutable/assets/inter-greek-500-normal.BIZE56-Y.woff2                 7.92 kB
.svelte-kit/output/client/_app/immutable/assets/inter-greek-600-normal.plRanbMR.woff2                 7.94 kB
.svelte-kit/output/client/_app/immutable/assets/inter-cyrillic-600-normal.CWCymEST.woff2              7.97 kB
.svelte-kit/output/client/_app/immutable/assets/inter-cyrillic-400-normal.HOLc17fK.woff               9.78 kB
.svelte-kit/output/client/_app/immutable/assets/inter-greek-400-normal.q2sYcFCs.woff                  9.92 kB
.svelte-kit/output/client/_app/immutable/assets/inter-cyrillic-600-normal.4D_pXhcN.woff               9.94 kB
.svelte-kit/output/client/_app/immutable/assets/inter-cyrillic-500-normal.CxZf_p3X.woff               9.94 kB
.svelte-kit/output/client/_app/immutable/assets/inter-greek-500-normal.Xzm54t5V.woff                  9.98 kB
.svelte-kit/output/client/_app/immutable/assets/inter-greek-600-normal.BZpKdvQh.woff                 10.03 kB
.svelte-kit/output/client/_app/immutable/assets/inter-cyrillic-ext-400-normal.BQZuk6qB.woff2         10.23 kB
.svelte-kit/output/client/_app/immutable/assets/inter-cyrillic-ext-500-normal.B0yAr1jD.woff2         10.43 kB
.svelte-kit/output/client/_app/immutable/assets/inter-cyrillic-ext-600-normal.Dfes3d0z.woff2         10.48 kB
.svelte-kit/output/client/_app/immutable/assets/space-grotesk-latin-ext-700-normal.BQnZhY3m.woff2    11.99 kB
.svelte-kit/output/client/_app/immutable/assets/space-grotesk-latin-ext-400-normal.CfP_5XZW.woff2    12.26 kB
.svelte-kit/output/client/_app/immutable/assets/space-grotesk-latin-700-normal.RjhwGPKo.woff2        12.84 kB
.svelte-kit/output/client/_app/immutable/assets/inter-cyrillic-ext-400-normal.DQukG94-.woff          13.34 kB
.svelte-kit/output/client/_app/immutable/assets/space-grotesk-latin-400-normal.CJ-V5oYT.woff2        13.39 kB
.svelte-kit/output/client/_app/immutable/assets/inter-cyrillic-ext-500-normal.BmqWE9Dz.woff          13.45 kB
.svelte-kit/output/client/_app/immutable/assets/inter-cyrillic-ext-600-normal.Bcila6Z-.woff          13.46 kB
.svelte-kit/output/client/_app/immutable/assets/space-grotesk-latin-700-normal.CwsQ-cCU.woff         16.42 kB
.svelte-kit/output/client/_app/immutable/assets/space-grotesk-latin-ext-700-normal.HVCqSBdx.woff     16.46 kB
.svelte-kit/output/client/_app/immutable/assets/space-grotesk-latin-ext-400-normal.DRPE3kg4.woff     16.79 kB
.svelte-kit/output/client/_app/immutable/assets/space-grotesk-latin-400-normal.BnQMeOim.woff         17.00 kB
.svelte-kit/output/client/_app/immutable/assets/inter-latin-400-normal.C38fXH4l.woff2                23.66 kB
.svelte-kit/output/client/_app/immutable/assets/inter-latin-500-normal.Cerq10X2.woff2                24.27 kB
.svelte-kit/output/client/_app/immutable/assets/inter-latin-600-normal.LgqL8muc.woff2                24.45 kB
.svelte-kit/output/client/_app/immutable/assets/inter-latin-400-normal.CyCys3Eg.woff                 30.70 kB
.svelte-kit/output/client/_app/immutable/assets/inter-latin-600-normal.CiBQ2DWP.woff                 31.26 kB
.svelte-kit/output/client/_app/immutable/assets/inter-latin-500-normal.BL9OpVg8.woff                 31.28 kB
.svelte-kit/output/client/.vite/manifest.json                                                        33.45 kB │ gzip:  2.92 kB
.svelte-kit/output/client/_app/immutable/assets/inter-latin-ext-400-normal.C1nco2VV.woff2            35.00 kB
.svelte-kit/output/client/_app/immutable/assets/inter-latin-ext-500-normal.CV4jyFjo.woff2            36.02 kB
.svelte-kit/output/client/_app/immutable/assets/inter-latin-ext-600-normal.D2bJ5OIk.woff2            36.26 kB
.svelte-kit/output/client/_app/immutable/assets/inter-latin-ext-400-normal.77YHD8bZ.woff             47.56 kB
.svelte-kit/output/client/_app/immutable/assets/inter-latin-ext-500-normal.BxGbmqWO.woff             48.49 kB
.svelte-kit/output/client/_app/immutable/assets/inter-latin-ext-600-normal.CIVaiw4L.woff             48.67 kB
.svelte-kit/output/client/_app/immutable/assets/0.Bn2zdvsG.css                                       94.14 kB │ gzip: 15.57 kB
.svelte-kit/output/client/_app/immutable/chunks/B2hLeql1.js                                           0.04 kB │ gzip:  0.06 kB
.svelte-kit/output/client/_app/immutable/chunks/DsnmJJEf.js                                           0.07 kB │ gzip:  0.08 kB
.svelte-kit/output/client/_app/immutable/chunks/CSMrEjke.js                                           0.11 kB │ gzip:  0.12 kB
.svelte-kit/output/client/_app/immutable/entry/start.Du6TnLdi.js                                      0.12 kB │ gzip:  0.11 kB
.svelte-kit/output/client/_app/immutable/chunks/vY3gUE3I.js                                           0.19 kB │ gzip:  0.17 kB
.svelte-kit/output/client/_app/immutable/chunks/DboQiVNq.js                                           0.37 kB │ gzip:  0.26 kB
.svelte-kit/output/client/_app/immutable/chunks/DH04fV9-.js                                           0.40 kB │ gzip:  0.29 kB
.svelte-kit/output/client/_app/immutable/nodes/7.D-oUMojl.js                                          0.41 kB │ gzip:  0.26 kB
.svelte-kit/output/client/_app/immutable/chunks/BiokunOi.js                                           0.52 kB │ gzip:  0.33 kB
.svelte-kit/output/client/_app/immutable/nodes/9.quDPkp8-.js                                          0.58 kB │ gzip:  0.40 kB
.svelte-kit/output/client/_app/immutable/chunks/D-zmL-H5.js                                           0.58 kB │ gzip:  0.40 kB
.svelte-kit/output/client/_app/immutable/chunks/Bz66UIjA.js                                           0.61 kB │ gzip:  0.42 kB
.svelte-kit/output/client/_app/immutable/nodes/1.C9AHUNQU.js                                          0.62 kB │ gzip:  0.36 kB
.svelte-kit/output/client/_app/immutable/chunks/COC8RzkL.js                                           0.63 kB │ gzip:  0.39 kB
.svelte-kit/output/client/_app/immutable/nodes/8.DzhUMDop.js                                          0.64 kB │ gzip:  0.43 kB
.svelte-kit/output/client/_app/immutable/chunks/DALIgFaE.js                                           0.79 kB │ gzip:  0.39 kB
.svelte-kit/output/client/_app/immutable/nodes/6.CFrwg-4i.js                                          0.85 kB │ gzip:  0.52 kB
.svelte-kit/output/client/_app/immutable/nodes/10.DvcFGnmu.js                                         1.31 kB │ gzip:  0.77 kB
.svelte-kit/output/client/_app/immutable/chunks/CRkCE7j1.js                                           1.49 kB │ gzip:  0.66 kB
.svelte-kit/output/client/_app/immutable/chunks/3HeUc7xo.js                                           1.83 kB │ gzip:  0.89 kB
.svelte-kit/output/client/_app/immutable/chunks/DYk54vMs.js                                           1.90 kB │ gzip:  0.94 kB
.svelte-kit/output/client/_app/immutable/chunks/BRbLJWwr.js                                           2.46 kB │ gzip:  0.76 kB
.svelte-kit/output/client/_app/immutable/nodes/0.DtazaTEb.js                                          2.90 kB │ gzip:  1.30 kB
.svelte-kit/output/client/_app/immutable/chunks/CQOfAxxS.js                                           3.56 kB │ gzip:  1.30 kB
.svelte-kit/output/client/_app/immutable/chunks/DgQiTw_V.js                                           3.89 kB │ gzip:  1.59 kB
.svelte-kit/output/client/_app/immutable/chunks/Dja-vUML.js                                           5.01 kB │ gzip:  2.27 kB
.svelte-kit/output/client/_app/immutable/chunks/Cj761TZt.js                                           5.14 kB │ gzip:  2.15 kB
.svelte-kit/output/client/_app/immutable/chunks/DhNnTrUc.js                                           5.95 kB │ gzip:  2.87 kB
.svelte-kit/output/client/_app/immutable/chunks/CNhMZJgn.js                                           6.65 kB │ gzip:  3.10 kB
.svelte-kit/output/client/_app/immutable/entry/app.DyPh66GK.js                                        7.74 kB │ gzip:  3.18 kB
.svelte-kit/output/client/_app/immutable/chunks/RKrKs2nZ.js                                           7.91 kB │ gzip:  3.60 kB
.svelte-kit/output/client/_app/immutable/chunks/CqxD8np9.js                                          10.14 kB │ gzip:  3.98 kB
.svelte-kit/output/client/_app/immutable/nodes/3.CBrTqza1.js                                         13.19 kB │ gzip:  4.19 kB
.svelte-kit/output/client/_app/immutable/nodes/4.CkFtam_l.js                                         14.47 kB │ gzip:  4.11 kB
.svelte-kit/output/client/_app/immutable/chunks/gKy49QjH.js                                          25.79 kB │ gzip: 10.06 kB
.svelte-kit/output/client/_app/immutable/chunks/CVzftgRq.js                                          27.24 kB │ gzip:  8.56 kB
.svelte-kit/output/client/_app/immutable/chunks/DZCJ_jkf.js                                          27.80 kB │ gzip: 10.97 kB
.svelte-kit/output/client/_app/immutable/nodes/2.V64l8D6c.js                                         52.08 kB │ gzip: 17.67 kB
.svelte-kit/output/client/_app/immutable/nodes/5.C6AWpfrn.js                                        101.80 kB │ gzip: 30.70 kB
✓ built in 17.26s
.svelte-kit/output/server/_app/immutable/assets/space-grotesk-vietnamese-700-normal.DMty7AZE.woff2      4.20 kB
.svelte-kit/output/server/_app/immutable/assets/space-grotesk-vietnamese-400-normal.B7xT_GF5.woff2      4.30 kB
.svelte-kit/output/server/_app/immutable/assets/inter-vietnamese-400-normal.DMkecbls.woff2              4.97 kB
.svelte-kit/output/server/_app/immutable/assets/inter-vietnamese-600-normal.Cc8MFFhd.woff2              5.10 kB
.svelte-kit/output/server/_app/immutable/assets/inter-vietnamese-500-normal.DOriooB6.woff2              5.11 kB
.svelte-kit/output/server/_app/immutable/assets/inter-greek-ext-400-normal.DGGRlc-M.woff2               5.26 kB
.svelte-kit/output/server/_app/immutable/assets/inter-greek-ext-500-normal.C4iEst2y.woff2               5.43 kB
.svelte-kit/output/server/_app/immutable/assets/inter-greek-ext-600-normal.DRtmH8MT.woff2               5.43 kB
.svelte-kit/output/server/_app/immutable/assets/space-grotesk-vietnamese-700-normal.Duxec5Rn.woff       5.59 kB
.svelte-kit/output/server/_app/immutable/assets/space-grotesk-vietnamese-400-normal.BIWiOVfw.woff       5.73 kB
.svelte-kit/output/server/_app/immutable/assets/inter-vietnamese-400-normal.Bbgyi5SW.woff               6.50 kB
.svelte-kit/output/server/_app/immutable/assets/inter-vietnamese-500-normal.mJboJaSs.woff               6.60 kB
.svelte-kit/output/server/_app/immutable/assets/inter-vietnamese-600-normal.BuLX-rYi.woff               6.64 kB
.svelte-kit/output/server/_app/immutable/assets/inter-greek-ext-400-normal.KugGGMne.woff                7.06 kB
.svelte-kit/output/server/_app/immutable/assets/inter-greek-ext-500-normal.2j5mBUwD.woff                7.19 kB
.svelte-kit/output/server/_app/immutable/assets/inter-greek-ext-600-normal.B8X0CLgF.woff                7.21 kB
.svelte-kit/output/server/_app/immutable/assets/inter-cyrillic-400-normal.obahsSVq.woff2                7.71 kB
.svelte-kit/output/server/_app/immutable/assets/inter-greek-400-normal.B4URO6DV.woff2                   7.78 kB
.svelte-kit/output/server/_app/immutable/assets/inter-cyrillic-500-normal.BasfLYem.woff2                7.90 kB
.svelte-kit/output/server/_app/immutable/assets/inter-greek-500-normal.BIZE56-Y.woff2                   7.92 kB
.svelte-kit/output/server/_app/immutable/assets/inter-greek-600-normal.plRanbMR.woff2                   7.94 kB
.svelte-kit/output/server/_app/immutable/assets/inter-cyrillic-600-normal.CWCymEST.woff2                7.97 kB
.svelte-kit/output/server/_app/immutable/assets/inter-cyrillic-400-normal.HOLc17fK.woff                 9.78 kB
.svelte-kit/output/server/_app/immutable/assets/inter-greek-400-normal.q2sYcFCs.woff                    9.92 kB
.svelte-kit/output/server/_app/immutable/assets/inter-cyrillic-600-normal.4D_pXhcN.woff                 9.94 kB
.svelte-kit/output/server/_app/immutable/assets/inter-cyrillic-500-normal.CxZf_p3X.woff                 9.94 kB
.svelte-kit/output/server/_app/immutable/assets/inter-greek-500-normal.Xzm54t5V.woff                    9.98 kB
.svelte-kit/output/server/_app/immutable/assets/inter-greek-600-normal.BZpKdvQh.woff                   10.03 kB
.svelte-kit/output/server/_app/immutable/assets/inter-cyrillic-ext-400-normal.BQZuk6qB.woff2           10.23 kB
.svelte-kit/output/server/_app/immutable/assets/inter-cyrillic-ext-500-normal.B0yAr1jD.woff2           10.43 kB
.svelte-kit/output/server/_app/immutable/assets/inter-cyrillic-ext-600-normal.Dfes3d0z.woff2           10.48 kB
.svelte-kit/output/server/_app/immutable/assets/space-grotesk-latin-ext-700-normal.BQnZhY3m.woff2      11.99 kB
.svelte-kit/output/server/_app/immutable/assets/space-grotesk-latin-ext-400-normal.CfP_5XZW.woff2      12.26 kB
.svelte-kit/output/server/_app/immutable/assets/space-grotesk-latin-700-normal.RjhwGPKo.woff2          12.84 kB
.svelte-kit/output/server/_app/immutable/assets/inter-cyrillic-ext-400-normal.DQukG94-.woff            13.34 kB
.svelte-kit/output/server/_app/immutable/assets/space-grotesk-latin-400-normal.CJ-V5oYT.woff2          13.39 kB
.svelte-kit/output/server/_app/immutable/assets/inter-cyrillic-ext-500-normal.BmqWE9Dz.woff            13.45 kB
.svelte-kit/output/server/_app/immutable/assets/inter-cyrillic-ext-600-normal.Bcila6Z-.woff            13.46 kB
.svelte-kit/output/server/_app/immutable/assets/space-grotesk-latin-700-normal.CwsQ-cCU.woff           16.42 kB
.svelte-kit/output/server/_app/immutable/assets/space-grotesk-latin-ext-700-normal.HVCqSBdx.woff       16.46 kB
.svelte-kit/output/server/_app/immutable/assets/space-grotesk-latin-ext-400-normal.DRPE3kg4.woff       16.79 kB
.svelte-kit/output/server/_app/immutable/assets/space-grotesk-latin-400-normal.BnQMeOim.woff           17.00 kB
.svelte-kit/output/server/_app/immutable/assets/inter-latin-400-normal.C38fXH4l.woff2                  23.66 kB
.svelte-kit/output/server/_app/immutable/assets/inter-latin-500-normal.Cerq10X2.woff2                  24.27 kB
.svelte-kit/output/server/_app/immutable/assets/inter-latin-600-normal.LgqL8muc.woff2                  24.45 kB
.svelte-kit/output/server/_app/immutable/assets/inter-latin-400-normal.CyCys3Eg.woff                   30.70 kB
.svelte-kit/output/server/_app/immutable/assets/inter-latin-600-normal.CiBQ2DWP.woff                   31.26 kB
.svelte-kit/output/server/_app/immutable/assets/inter-latin-500-normal.BL9OpVg8.woff                   31.28 kB
.svelte-kit/output/server/.vite/manifest.json                                                          33.55 kB
.svelte-kit/output/server/_app/immutable/assets/inter-latin-ext-400-normal.C1nco2VV.woff2              35.00 kB
.svelte-kit/output/server/_app/immutable/assets/inter-latin-ext-500-normal.CV4jyFjo.woff2              36.02 kB
.svelte-kit/output/server/_app/immutable/assets/inter-latin-ext-600-normal.D2bJ5OIk.woff2              36.26 kB
.svelte-kit/output/server/_app/immutable/assets/inter-latin-ext-400-normal.77YHD8bZ.woff               47.56 kB
.svelte-kit/output/server/_app/immutable/assets/inter-latin-ext-500-normal.BxGbmqWO.woff               48.49 kB
.svelte-kit/output/server/_app/immutable/assets/inter-latin-ext-600-normal.CIVaiw4L.woff               48.67 kB
.svelte-kit/output/server/_app/immutable/assets/_layout.iU71gGDn.css                                   95.24 kB
.svelte-kit/output/server/chunks/utils3.js                                                              0.15 kB
.svelte-kit/output/server/entries/pages/(app)/_layout.server.ts.js                                      0.20 kB
.svelte-kit/output/server/chunks/environment.js                                                         0.25 kB
.svelte-kit/output/server/entries/pages/demo/_page.svelte.js                                            0.32 kB
.svelte-kit/output/server/internal.js                                                                   0.40 kB
.svelte-kit/output/server/chunks/state.svelte.js                                                        0.45 kB
.svelte-kit/output/server/entries/pages/demo/better-auth/_page.server.ts.js                             0.47 kB
.svelte-kit/output/server/entries/hooks.server.js                                                       0.49 kB
.svelte-kit/output/server/chunks/server.js                                                              0.50 kB
.svelte-kit/output/server/entries/fallbacks/error.svelte.js                                             0.66 kB
.svelte-kit/output/server/chunks/client.js                                                              0.68 kB
.svelte-kit/output/server/entries/pages/demo/better-auth/login/_page.svelte.js                          0.70 kB
.svelte-kit/output/server/entries/pages/login/_page.server.ts.js                                        0.73 kB
.svelte-kit/output/server/chunks/server2.js                                                             0.75 kB
.svelte-kit/output/server/entries/pages/demo/better-auth/_page.svelte.js                                0.77 kB
.svelte-kit/output/server/entries/pages/demo/better-auth/login/_page.server.ts.js                       0.79 kB
.svelte-kit/output/server/entries/pages/(app)/vault/_page.svelte.js                                     0.82 kB
.svelte-kit/output/server/chunks/utils2.js                                                              1.15 kB
.svelte-kit/output/server/chunks/index2.js                                                              1.41 kB
.svelte-kit/output/server/entries/pages/login/_page.svelte.js                                           1.45 kB
.svelte-kit/output/server/chunks/badge.js                                                               2.08 kB
.svelte-kit/output/server/chunks/exports.js                                                             2.39 kB
.svelte-kit/output/server/chunks/cpu.js                                                                 2.48 kB
.svelte-kit/output/server/entries/pages/_layout.svelte.js                                               2.57 kB
.svelte-kit/output/server/chunks/Icon.js                                                                2.61 kB
.svelte-kit/output/server/chunks/routing.js                                                             2.69 kB
.svelte-kit/output/server/chunks/utils.js                                                               3.17 kB
.svelte-kit/output/server/chunks/url.js                                                                 3.21 kB
.svelte-kit/output/server/chunks/internal.js                                                            3.34 kB
.svelte-kit/output/server/chunks/table-row.js                                                           3.47 kB
.svelte-kit/output/server/chunks/button.js                                                              3.92 kB
.svelte-kit/output/server/chunks/events.js                                                              3.99 kB
.svelte-kit/output/server/chunks/query.js                                                               9.08 kB
.svelte-kit/output/server/chunks/index3.js                                                              9.45 kB
.svelte-kit/output/server/remote-entry.js                                                              10.49 kB
.svelte-kit/output/server/entries/pages/(app)/_page.svelte.js                                          18.31 kB
.svelte-kit/output/server/chunks/create-id.js                                                          21.41 kB
.svelte-kit/output/server/entries/pages/(app)/hardware/_page.svelte.js                                 25.08 kB
.svelte-kit/output/server/chunks/root.js                                                               26.47 kB
.svelte-kit/output/server/chunks/shared.js                                                             43.21 kB
.svelte-kit/output/server/chunks/error-codes.js                                                        54.00 kB
.svelte-kit/output/server/entries/pages/(app)/_layout.svelte.js                                        58.92 kB
.svelte-kit/output/server/chunks/index.js                                                             104.67 kB
.svelte-kit/output/server/index.js                                                                    133.93 kB
.svelte-kit/output/server/entries/pages/(app)/streak/_page.svelte.js                                  192.96 kB
.svelte-kit/output/server/chunks/auth.js                                                            1,160.94 kB
✓ built in 42.63s

Run npm run preview to preview your production build locally.
(node:6604) [DEP0040] DeprecationWarning: The `punycode` module is deprecated. Please use a userland alternative instead.
(Use `node --trace-deprecation ...` to show where the warning was created)

> Using @sveltejs/adapter-cloudflare
  ✔ done

 ⛅️ wrangler 4.76.0
───────────────────
Using secrets defined in .env
Your Worker has access to the following bindings:
Binding                                      Resource                  Mode
env.ASSETS                                   Assets                    local
env.ORIGIN ("(hidden)")                      Environment Variable      local
env.GITHUB_CLIENT_ID ("")                    Environment Variable      local
env.DATABASE_URL ("(hidden)")                Environment Variable      local
env.BETTER_AUTH_SECRET ("(hidden)")          Environment Variable      local
env.HACKCLUB_CLIENT_ID ("(hidden)")          Environment Variable      local
env.HACKCLUB_CLIENT_SECRET ("(hidden)")      Environment Variable      local

⎔ Starting local server...
[wrangler:info] ✨ Parsed 2 valid header rules.
[wrangler:info] Ready on http://localhost:8787
